{"uid":"dde370be6d75513f","name":"test_one","fullName":"test_login.TestLogin#test_one","historyId":"e8a06419f3944897a26c18284a1c4693","time":{"start":1676208872700,"stop":1676208872700,"duration":0},"status":"failed","statusMessage":"AssertionError: assert 1 == 2","statusTrace":"self = <camp_study_interface.aek.testcase.test_login.TestLogin object at 0x0000017088EC4050>\n\n    def test_one(self):\n        print(\"hello\")\n        q=1\n        w=2\n>       assert  q==w\nE       assert 1 == 2\n\ntest_login.py:28: AssertionError","flaky":false,"newFailed":false,"newBroken":false,"newPassed":false,"retriesCount":0,"retriesStatusChange":false,"beforeStages":[],"afterStages":[],"labels":[{"name":"suite","value":"test_login"},{"name":"subSuite","value":"TestLogin"},{"name":"host","value":"我叫小白菜"},{"name":"thread","value":"14908-MainThread"},{"name":"framework","value":"pytest"},{"name":"language","value":"cpython3"},{"name":"package","value":"test_login"},{"name":"resultFormat","value":"allure2"}],"parameters":[],"links":[],"hidden":false,"retry":false,"extra":{"severity":"normal","retries":[],"categories":[{"name":"Product defects","matchedStatuses":[],"flaky":false}],"tags":[]},"source":"dde370be6d75513f.json","parameterValues":[]}