{"uid":"4e6f69fb93ba83fa","name":"test_one","fullName":"testcase.test_login.TestLogin#test_one","historyId":"493e688716a450cb9a514eb7ab3d4d94","time":{"start":1676208907138,"stop":1676208907138,"duration":0},"status":"failed","statusMessage":"AssertionError: assert 1 == 2","statusTrace":"self = <camp_study_interface.aek.testcase.test_login.TestLogin object at 0x000001E638085010>\n\n    def test_one(self):\n        print(\"hello\")\n        q=1\n        w=2\n>       assert  q==w\nE       assert 1 == 2\n\ntestcase\\test_login.py:28: AssertionError","flaky":false,"newFailed":false,"newBroken":false,"newPassed":false,"retriesCount":0,"retriesStatusChange":false,"beforeStages":[],"afterStages":[],"labels":[{"name":"parentSuite","value":"testcase"},{"name":"suite","value":"test_login"},{"name":"subSuite","value":"TestLogin"},{"name":"host","value":"我叫小白菜"},{"name":"thread","value":"17248-MainThread"},{"name":"framework","value":"pytest"},{"name":"language","value":"cpython3"},{"name":"package","value":"testcase.test_login"},{"name":"resultFormat","value":"allure2"}],"parameters":[],"links":[],"hidden":false,"retry":false,"extra":{"severity":"normal","retries":[],"categories":[{"name":"Product defects","matchedStatuses":[],"flaky":false}],"tags":[]},"source":"4e6f69fb93ba83fa.json","parameterValues":[]}